\BOOKMARK [1][-]{Section.0.Introduction.1}{Introduction}{}% 1
\BOOKMARK [1][-]{Section.1.Getting Started.1}{Getting Started}{}% 2
\BOOKMARK [2][-]{Subsection.2.0.Ecosystem Network Model.2}{Ecosystem Network Model}{Section.1.Getting Started.1}% 3
\BOOKMARK [2][-]{Subsection.2.1.Network Data Class.2}{Network Data Class}{Section.1.Getting Started.1}% 4
\BOOKMARK [2][-]{Subsection.2.2.Building a Network Object.2}{Building a Network Object}{Section.1.Getting Started.1}% 5
\BOOKMARK [2][-]{Subsection.2.3.Model Library.2}{Model Library}{Section.1.Getting Started.1}% 6
\BOOKMARK [2][-]{Subsection.2.4.Network Visualization.2}{Network Visualization}{Section.1.Getting Started.1}% 7
\BOOKMARK [2][-]{Subsection.2.5.Data Input: Reading Common Data File Formats.2}{Data Input: Reading Common Data File Formats}{Section.1.Getting Started.1}% 8
\BOOKMARK [1][-]{Section.2.Analyzing Ecosystem Models.1}{Analyzing Ecosystem Models}{}% 9
\BOOKMARK [2][-]{Subsection.3.0.Balancing for Steady-State.2}{Balancing for Steady-State}{Section.2.Analyzing Ecosystem Models.1}% 10
\BOOKMARK [2][-]{Subsection.3.1.Structural Network Analysis.2}{Structural Network Analysis}{Section.2.Analyzing Ecosystem Models.1}% 11
\BOOKMARK [2][-]{Subsection.3.2.Flow Analysis.2}{Flow Analysis}{Section.2.Analyzing Ecosystem Models.1}% 12
\BOOKMARK [2][-]{Subsection.3.3.Ascendency.2}{Ascendency}{Section.2.Analyzing Ecosystem Models.1}% 13
\BOOKMARK [2][-]{Subsection.3.4.Storage Analysis.2}{Storage Analysis}{Section.2.Analyzing Ecosystem Models.1}% 14
\BOOKMARK [2][-]{Subsection.3.5.Utility Analysis.2}{Utility Analysis}{Section.2.Analyzing Ecosystem Models.1}% 15
\BOOKMARK [2][-]{Subsection.3.6.Environ Analysis.2}{Environ Analysis}{Section.2.Analyzing Ecosystem Models.1}% 16
\BOOKMARK [2][-]{Subsection.3.7.Control Analysis.2}{Control Analysis}{Section.2.Analyzing Ecosystem Models.1}% 17
\BOOKMARK [2][-]{Subsection.3.8.Mixed Trophic Impacts.2}{Mixed Trophic Impacts}{Section.2.Analyzing Ecosystem Models.1}% 18
\BOOKMARK [2][-]{Subsection.3.9.Cycle Analysis.2}{Cycle Analysis}{Section.2.Analyzing Ecosystem Models.1}% 19
\BOOKMARK [2][-]{Subsection.3.10.Trophic Aggregations.2}{Trophic Aggregations}{Section.2.Analyzing Ecosystem Models.1}% 20
\BOOKMARK [2][-]{Subsection.3.11.Other Analyses.2}{Other Analyses}{Section.2.Analyzing Ecosystem Models.1}% 21
\BOOKMARK [3][-]{Subsubsection.3.12.0.Quickly Return Multiple Analyses.3}{Quickly Return Multiple Analyses}{Subsection.3.11.Other Analyses.2}% 22
\BOOKMARK [3][-]{Subsubsection.3.12.1.Centrality.3}{Centrality}{Subsection.3.11.Other Analyses.2}% 23
\BOOKMARK [2][-]{Subsection.3.12.Output Orientation.2}{Output Orientation}{Section.2.Analyzing Ecosystem Models.1}% 24
\BOOKMARK [1][-]{Section.3.Multi-Model Analyses (Batch Processing).1}{Multi-Model Analyses \(Batch Processing\)}{}% 25
\BOOKMARK [1][-]{Section.4.Connecting to Other Useful Packages.1}{Connecting to Other Useful Packages}{}% 26
\BOOKMARK [2][-]{Subsection.5.0.network.2}{network}{Section.4.Connecting to Other Useful Packages.1}% 27
\BOOKMARK [2][-]{Subsection.5.1.sna: Social Network Analysis.2}{sna: Social Network Analysis}{Section.4.Connecting to Other Useful Packages.1}% 28
\BOOKMARK [2][-]{Subsection.5.2.iGraph.2}{iGraph}{Section.4.Connecting to Other Useful Packages.1}% 29
\BOOKMARK [2][-]{Subsection.5.3.EcoNet.2}{EcoNet}{Section.4.Connecting to Other Useful Packages.1}% 30
\BOOKMARK [1][-]{Section.5.Conclusion.1}{Conclusion}{}% 31
